<?xml version="1.0" encoding="UTF-8"?>
<coverage generated="1660393341289" clover="3.2.0">
  <project timestamp="1660393341289" name="All files">
    <metrics statements="91" coveredstatements="67" conditionals="49" coveredconditionals="25" methods="32" coveredmethods="28" elements="172" coveredelements="120" complexity="0" loc="91" ncloc="91" packages="1" files="6" classes="6"/>
    <file name="Bassist.js" path="C:\Users\Robbie\Documents\ICT50220\Module2\Assingment2_1\assingment2_2\Bassist.js">
      <metrics statements="4" coveredstatements="4" conditionals="0" coveredconditionals="0" methods="2" coveredmethods="2"/>
      <line num="1" count="2" type="stmt"/>
      <line num="5" count="4" type="stmt"/>
      <line num="9" count="2" type="stmt"/>
      <line num="19" count="2" type="stmt"/>
    </file>
    <file name="Flautist.js" path="C:\Users\Robbie\Documents\ICT50220\Module2\Assingment2_1\assingment2_2\Flautist.js">
      <metrics statements="4" coveredstatements="4" conditionals="0" coveredconditionals="0" methods="2" coveredmethods="2"/>
      <line num="1" count="2" type="stmt"/>
      <line num="5" count="1" type="stmt"/>
      <line num="9" count="1" type="stmt"/>
      <line num="19" count="2" type="stmt"/>
    </file>
    <file name="Guitarist.js" path="C:\Users\Robbie\Documents\ICT50220\Module2\Assingment2_1\assingment2_2\Guitarist.js">
      <metrics statements="4" coveredstatements="4" conditionals="0" coveredconditionals="0" methods="2" coveredmethods="2"/>
      <line num="1" count="2" type="stmt"/>
      <line num="5" count="1" type="stmt"/>
      <line num="9" count="1" type="stmt"/>
      <line num="19" count="2" type="stmt"/>
    </file>
    <file name="Musician.js" path="C:\Users\Robbie\Documents\ICT50220\Module2\Assingment2_1\assingment2_2\Musician.js">
      <metrics statements="15" coveredstatements="15" conditionals="8" coveredconditionals="8" methods="8" coveredmethods="8"/>
      <line num="3" count="9" type="stmt"/>
      <line num="6" count="2" type="stmt"/>
      <line num="10" count="11" type="cond" truecount="4" falsecount="0"/>
      <line num="11" count="10" type="stmt"/>
      <line num="13" count="1" type="stmt"/>
      <line num="17" count="15" type="stmt"/>
      <line num="21" count="11" type="cond" truecount="2" falsecount="0"/>
      <line num="22" count="9" type="stmt"/>
      <line num="24" count="2" type="stmt"/>
      <line num="28" count="9" type="stmt"/>
      <line num="32" count="12" type="cond" truecount="2" falsecount="0"/>
      <line num="33" count="10" type="stmt"/>
      <line num="35" count="2" type="stmt"/>
      <line num="40" count="12" type="stmt"/>
      <line num="44" count="6" type="stmt"/>
    </file>
    <file name="Percussionist.js" path="C:\Users\Robbie\Documents\ICT50220\Module2\Assingment2_1\assingment2_2\Percussionist.js">
      <metrics statements="4" coveredstatements="4" conditionals="0" coveredconditionals="0" methods="2" coveredmethods="2"/>
      <line num="1" count="2" type="stmt"/>
      <line num="5" count="1" type="stmt"/>
      <line num="9" count="1" type="stmt"/>
      <line num="19" count="2" type="stmt"/>
    </file>
    <file name="Troupe.js" path="C:\Users\Robbie\Documents\ICT50220\Module2\Assingment2_1\assingment2_2\Troupe.js">
      <metrics statements="60" coveredstatements="36" conditionals="41" coveredconditionals="17" methods="16" coveredmethods="12"/>
      <line num="3" count="5" type="cond" truecount="4" falsecount="0"/>
      <line num="4" count="4" type="stmt"/>
      <line num="6" count="1" type="stmt"/>
      <line num="12" count="11" type="stmt"/>
      <line num="16" count="8" type="cond" truecount="4" falsecount="0"/>
      <line num="17" count="6" type="stmt"/>
      <line num="19" count="2" type="stmt"/>
      <line num="24" count="9" type="stmt"/>
      <line num="28" count="7" type="cond" truecount="5" falsecount="0"/>
      <line num="29" count="3" type="stmt"/>
      <line num="31" count="4" type="stmt"/>
      <line num="36" count="7" type="stmt"/>
      <line num="40" count="2" type="stmt"/>
      <line num="43" count="2" type="stmt"/>
      <line num="46" count="20" type="stmt"/>
      <line num="50" count="7" type="stmt"/>
      <line num="51" count="7" type="stmt"/>
      <line num="58" count="1" type="stmt"/>
      <line num="59" count="1" type="stmt"/>
      <line num="60" count="1" type="stmt"/>
      <line num="61" count="1" type="stmt"/>
      <line num="62" count="1" type="stmt"/>
      <line num="65" count="1" type="stmt"/>
      <line num="66" count="1" type="stmt"/>
      <line num="70" count="1" type="stmt"/>
      <line num="71" count="1" type="cond" truecount="0" falsecount="4"/>
      <line num="73" count="0" type="stmt"/>
      <line num="74" count="0" type="stmt"/>
      <line num="77" count="0" type="stmt"/>
      <line num="78" count="0" type="stmt"/>
      <line num="81" count="0" type="stmt"/>
      <line num="82" count="0" type="stmt"/>
      <line num="85" count="0" type="stmt"/>
      <line num="86" count="0" type="stmt"/>
      <line num="92" count="0" type="cond" truecount="0" falsecount="2"/>
      <line num="93" count="0" type="stmt"/>
      <line num="95" count="0" type="cond" truecount="0" falsecount="2"/>
      <line num="96" count="0" type="stmt"/>
      <line num="101" count="0" type="cond" truecount="0" falsecount="2"/>
      <line num="102" count="0" type="stmt"/>
      <line num="104" count="0" type="cond" truecount="0" falsecount="2"/>
      <line num="105" count="0" type="stmt"/>
      <line num="110" count="0" type="cond" truecount="0" falsecount="2"/>
      <line num="111" count="0" type="stmt"/>
      <line num="113" count="0" type="cond" truecount="0" falsecount="2"/>
      <line num="114" count="0" type="stmt"/>
      <line num="119" count="0" type="cond" truecount="0" falsecount="2"/>
      <line num="120" count="0" type="stmt"/>
      <line num="122" count="0" type="cond" truecount="0" falsecount="2"/>
      <line num="123" count="0" type="stmt"/>
      <line num="128" count="1" type="stmt"/>
      <line num="149" count="1" type="stmt"/>
      <line num="150" count="1" type="stmt"/>
      <line num="151" count="1" type="stmt"/>
      <line num="153" count="1" type="stmt"/>
      <line num="158" count="1" type="stmt"/>
      <line num="159" count="1" type="stmt"/>
      <line num="160" count="2" type="stmt"/>
      <line num="162" count="1" type="stmt"/>
      <line num="166" count="1" type="stmt"/>
    </file>
  </project>
</coverage>
