{"C:\\Users\\Robbie\\Documents\\ICT50220\\Module2\\Assingment2_1\\assingment2_2\\Bassist.js": {"path":"C:\\Users\\Robbie\\Documents\\ICT50220\\Module2\\Assingment2_1\\assingment2_2\\Bassist.js","statementMap":{"0":{"start":{"line":1,"column":21},"end":{"line":1,"column":42}},"1":{"start":{"line":5,"column":4},"end":{"line":5,"column":60}},"2":{"start":{"line":9,"column":4},"end":{"line":15,"column":60}},"3":{"start":{"line":19,"column":0},"end":{"line":19,"column":29}}},"fnMap":{"0":{"name":"(anonymous_0)","decl":{"start":{"line":4,"column":2},"end":{"line":4,"column":3}},"loc":{"start":{"line":4,"column":64},"end":{"line":6,"column":3}},"line":4},"1":{"name":"(anonymous_1)","decl":{"start":{"line":8,"column":2},"end":{"line":8,"column":3}},"loc":{"start":{"line":8,"column":24},"end":{"line":16,"column":3}},"line":8}},"branchMap":{},"s":{"0":2,"1":4,"2":2,"3":2},"f":{"0":4,"1":2},"b":{},"_coverageSchema":"1a1c01bbd47fc00a2c39e90264f33305004495a9","hash":"7bcb445cb7ab1bc96d2032f99185275cb7165b2f"}
,"C:\\Users\\Robbie\\Documents\\ICT50220\\Module2\\Assingment2_1\\assingment2_2\\Flautist.js": {"path":"C:\\Users\\Robbie\\Documents\\ICT50220\\Module2\\Assingment2_1\\assingment2_2\\Flautist.js","statementMap":{"0":{"start":{"line":1,"column":21},"end":{"line":1,"column":42}},"1":{"start":{"line":5,"column":4},"end":{"line":5,"column":60}},"2":{"start":{"line":9,"column":4},"end":{"line":15,"column":60}},"3":{"start":{"line":19,"column":0},"end":{"line":19,"column":30}}},"fnMap":{"0":{"name":"(anonymous_0)","decl":{"start":{"line":4,"column":2},"end":{"line":4,"column":3}},"loc":{"start":{"line":4,"column":64},"end":{"line":6,"column":3}},"line":4},"1":{"name":"(anonymous_1)","decl":{"start":{"line":8,"column":2},"end":{"line":8,"column":3}},"loc":{"start":{"line":8,"column":24},"end":{"line":16,"column":3}},"line":8}},"branchMap":{},"s":{"0":2,"1":1,"2":1,"3":2},"f":{"0":1,"1":1},"b":{},"_coverageSchema":"1a1c01bbd47fc00a2c39e90264f33305004495a9","hash":"f85ea2605d5db62bd054fb0c83bd6e29552dfbad"}
,"C:\\Users\\Robbie\\Documents\\ICT50220\\Module2\\Assingment2_1\\assingment2_2\\Guitarist.js": {"path":"C:\\Users\\Robbie\\Documents\\ICT50220\\Module2\\Assingment2_1\\assingment2_2\\Guitarist.js","statementMap":{"0":{"start":{"line":1,"column":21},"end":{"line":1,"column":42}},"1":{"start":{"line":5,"column":4},"end":{"line":5,"column":60}},"2":{"start":{"line":9,"column":4},"end":{"line":15,"column":60}},"3":{"start":{"line":19,"column":0},"end":{"line":19,"column":31}}},"fnMap":{"0":{"name":"(anonymous_0)","decl":{"start":{"line":4,"column":2},"end":{"line":4,"column":3}},"loc":{"start":{"line":4,"column":64},"end":{"line":6,"column":3}},"line":4},"1":{"name":"(anonymous_1)","decl":{"start":{"line":8,"column":2},"end":{"line":8,"column":3}},"loc":{"start":{"line":8,"column":24},"end":{"line":16,"column":3}},"line":8}},"branchMap":{},"s":{"0":2,"1":1,"2":1,"3":2},"f":{"0":1,"1":1},"b":{},"_coverageSchema":"1a1c01bbd47fc00a2c39e90264f33305004495a9","hash":"ade80b25c8e7da7ee76eacb2617d354423fef0d7"}
,"C:\\Users\\Robbie\\Documents\\ICT50220\\Module2\\Assingment2_1\\assingment2_2\\Musician.js": {"path":"C:\\Users\\Robbie\\Documents\\ICT50220\\Module2\\Assingment2_1\\assingment2_2\\Musician.js","statementMap":{"0":{"start":{"line":3,"column":4},"end":{"line":3,"column":28}},"1":{"start":{"line":6,"column":4},"end":{"line":6,"column":28}},"2":{"start":{"line":10,"column":4},"end":{"line":14,"column":3}},"3":{"start":{"line":11,"column":6},"end":{"line":11,"column":33}},"4":{"start":{"line":13,"column":6},"end":{"line":13,"column":91}},"5":{"start":{"line":17,"column":4},"end":{"line":17,"column":30}},"6":{"start":{"line":21,"column":4},"end":{"line":25,"column":5}},"7":{"start":{"line":22,"column":6},"end":{"line":22,"column":29}},"8":{"start":{"line":24,"column":6},"end":{"line":24,"column":29}},"9":{"start":{"line":28,"column":4},"end":{"line":28,"column":28}},"10":{"start":{"line":32,"column":4},"end":{"line":37,"column":5}},"11":{"start":{"line":33,"column":6},"end":{"line":33,"column":31}},"12":{"start":{"line":35,"column":6},"end":{"line":35,"column":30}},"13":{"start":{"line":40,"column":4},"end":{"line":40,"column":28}},"14":{"start":{"line":44,"column":0},"end":{"line":44,"column":30}}},"fnMap":{"0":{"name":"(anonymous_0)","decl":{"start":{"line":2,"column":2},"end":{"line":2,"column":3}},"loc":{"start":{"line":2,"column":23},"end":{"line":4,"column":3}},"line":2},"1":{"name":"(anonymous_1)","decl":{"start":{"line":5,"column":2},"end":{"line":5,"column":3}},"loc":{"start":{"line":5,"column":19},"end":{"line":7,"column":3}},"line":5},"2":{"name":"(anonymous_2)","decl":{"start":{"line":9,"column":2},"end":{"line":9,"column":3}},"loc":{"start":{"line":9,"column":26},"end":{"line":15,"column":1}},"line":9},"3":{"name":"(anonymous_3)","decl":{"start":{"line":16,"column":2},"end":{"line":16,"column":3}},"loc":{"start":{"line":16,"column":21},"end":{"line":18,"column":3}},"line":16},"4":{"name":"(anonymous_4)","decl":{"start":{"line":20,"column":2},"end":{"line":20,"column":3}},"loc":{"start":{"line":20,"column":22},"end":{"line":26,"column":3}},"line":20},"5":{"name":"(anonymous_5)","decl":{"start":{"line":27,"column":2},"end":{"line":27,"column":3}},"loc":{"start":{"line":27,"column":19},"end":{"line":29,"column":3}},"line":27},"6":{"name":"(anonymous_6)","decl":{"start":{"line":31,"column":2},"end":{"line":31,"column":3}},"loc":{"start":{"line":31,"column":24},"end":{"line":38,"column":3}},"line":31},"7":{"name":"(anonymous_7)","decl":{"start":{"line":39,"column":2},"end":{"line":39,"column":3}},"loc":{"start":{"line":39,"column":19},"end":{"line":41,"column":3}},"line":39}},"branchMap":{"0":{"loc":{"start":{"line":10,"column":4},"end":{"line":14,"column":3}},"type":"if","locations":[{"start":{"line":10,"column":4},"end":{"line":14,"column":3}},{"start":{"line":12,"column":11},"end":{"line":14,"column":3}}],"line":10},"1":{"loc":{"start":{"line":10,"column":8},"end":{"line":10,"column":47}},"type":"binary-expr","locations":[{"start":{"line":10,"column":8},"end":{"line":10,"column":25}},{"start":{"line":10,"column":29},"end":{"line":10,"column":47}}],"line":10},"2":{"loc":{"start":{"line":21,"column":4},"end":{"line":25,"column":5}},"type":"if","locations":[{"start":{"line":21,"column":4},"end":{"line":25,"column":5}},{"start":{"line":23,"column":11},"end":{"line":25,"column":5}}],"line":21},"3":{"loc":{"start":{"line":32,"column":4},"end":{"line":37,"column":5}},"type":"if","locations":[{"start":{"line":32,"column":4},"end":{"line":37,"column":5}},{"start":{"line":34,"column":11},"end":{"line":37,"column":5}}],"line":32}},"s":{"0":9,"1":2,"2":11,"3":10,"4":1,"5":15,"6":11,"7":9,"8":2,"9":9,"10":12,"11":10,"12":2,"13":12,"14":6},"f":{"0":9,"1":2,"2":11,"3":15,"4":11,"5":9,"6":12,"7":12},"b":{"0":[10,1],"1":[11,10],"2":[9,2],"3":[10,2]},"_coverageSchema":"1a1c01bbd47fc00a2c39e90264f33305004495a9","hash":"2c124080c273a6b715d11a6eb7f1404b58f41d46"}
,"C:\\Users\\Robbie\\Documents\\ICT50220\\Module2\\Assingment2_1\\assingment2_2\\Percussionist.js": {"path":"C:\\Users\\Robbie\\Documents\\ICT50220\\Module2\\Assingment2_1\\assingment2_2\\Percussionist.js","statementMap":{"0":{"start":{"line":1,"column":21},"end":{"line":1,"column":42}},"1":{"start":{"line":5,"column":4},"end":{"line":5,"column":60}},"2":{"start":{"line":9,"column":4},"end":{"line":15,"column":60}},"3":{"start":{"line":19,"column":0},"end":{"line":19,"column":35}}},"fnMap":{"0":{"name":"(anonymous_0)","decl":{"start":{"line":4,"column":2},"end":{"line":4,"column":3}},"loc":{"start":{"line":4,"column":64},"end":{"line":6,"column":3}},"line":4},"1":{"name":"(anonymous_1)","decl":{"start":{"line":8,"column":2},"end":{"line":8,"column":3}},"loc":{"start":{"line":8,"column":24},"end":{"line":16,"column":3}},"line":8}},"branchMap":{},"s":{"0":2,"1":1,"2":1,"3":2},"f":{"0":1,"1":1},"b":{},"_coverageSchema":"1a1c01bbd47fc00a2c39e90264f33305004495a9","hash":"2c2454e59deab86968b056f135dbd71634140be4"}
,"C:\\Users\\Robbie\\Documents\\ICT50220\\Module2\\Assingment2_1\\assingment2_2\\Troupe.js": {"path":"C:\\Users\\Robbie\\Documents\\ICT50220\\Module2\\Assingment2_1\\assingment2_2\\Troupe.js","statementMap":{"0":{"start":{"line":3,"column":4},"end":{"line":9,"column":5}},"1":{"start":{"line":4,"column":6},"end":{"line":4,"column":26}},"2":{"start":{"line":6,"column":6},"end":{"line":8,"column":8}},"3":{"start":{"line":12,"column":4},"end":{"line":12,"column":23}},"4":{"start":{"line":16,"column":4},"end":{"line":21,"column":5}},"5":{"start":{"line":17,"column":6},"end":{"line":17,"column":31}},"6":{"start":{"line":19,"column":6},"end":{"line":19,"column":31}},"7":{"start":{"line":24,"column":4},"end":{"line":24,"column":29}},"8":{"start":{"line":28,"column":4},"end":{"line":33,"column":5}},"9":{"start":{"line":29,"column":6},"end":{"line":29,"column":31}},"10":{"start":{"line":31,"column":6},"end":{"line":31,"column":31}},"11":{"start":{"line":36,"column":4},"end":{"line":36,"column":29}},"12":{"start":{"line":40,"column":4},"end":{"line":40,"column":22}},"13":{"start":{"line":43,"column":4},"end":{"line":43,"column":23}},"14":{"start":{"line":46,"column":13},"end":{"line":46,"column":24}},"15":{"start":{"line":50,"column":4},"end":{"line":50,"column":33}},"16":{"start":{"line":51,"column":4},"end":{"line":53,"column":6}},"17":{"start":{"line":58,"column":20},"end":{"line":58,"column":21}},"18":{"start":{"line":59,"column":23},"end":{"line":59,"column":24}},"19":{"start":{"line":60,"column":20},"end":{"line":60,"column":21}},"20":{"start":{"line":61,"column":21},"end":{"line":61,"column":22}},"21":{"start":{"line":62,"column":26},"end":{"line":62,"column":27}},"22":{"start":{"line":65,"column":4},"end":{"line":67,"column":5}},"23":{"start":{"line":65,"column":17},"end":{"line":65,"column":18}},"24":{"start":{"line":66,"column":6},"end":{"line":66,"column":47}},"25":{"start":{"line":70,"column":4},"end":{"line":88,"column":5}},"26":{"start":{"line":70,"column":17},"end":{"line":70,"column":18}},"27":{"start":{"line":71,"column":6},"end":{"line":87,"column":7}},"28":{"start":{"line":73,"column":10},"end":{"line":73,"column":28}},"29":{"start":{"line":74,"column":10},"end":{"line":74,"column":19}},"30":{"start":{"line":77,"column":10},"end":{"line":77,"column":25}},"31":{"start":{"line":78,"column":10},"end":{"line":78,"column":19}},"32":{"start":{"line":81,"column":10},"end":{"line":81,"column":26}},"33":{"start":{"line":82,"column":10},"end":{"line":82,"column":19}},"34":{"start":{"line":85,"column":10},"end":{"line":85,"column":31}},"35":{"start":{"line":86,"column":10},"end":{"line":86,"column":19}},"36":{"start":{"line":92,"column":6},"end":{"line":94,"column":7}},"37":{"start":{"line":93,"column":8},"end":{"line":93,"column":48}},"38":{"start":{"line":95,"column":6},"end":{"line":97,"column":7}},"39":{"start":{"line":96,"column":8},"end":{"line":96,"column":64}},"40":{"start":{"line":101,"column":6},"end":{"line":103,"column":7}},"41":{"start":{"line":102,"column":8},"end":{"line":102,"column":47}},"42":{"start":{"line":104,"column":6},"end":{"line":106,"column":7}},"43":{"start":{"line":105,"column":8},"end":{"line":105,"column":61}},"44":{"start":{"line":110,"column":6},"end":{"line":112,"column":7}},"45":{"start":{"line":111,"column":8},"end":{"line":111,"column":46}},"46":{"start":{"line":113,"column":6},"end":{"line":115,"column":7}},"47":{"start":{"line":114,"column":8},"end":{"line":114,"column":59}},"48":{"start":{"line":119,"column":6},"end":{"line":121,"column":7}},"49":{"start":{"line":120,"column":8},"end":{"line":120,"column":51}},"50":{"start":{"line":122,"column":6},"end":{"line":124,"column":7}},"51":{"start":{"line":123,"column":8},"end":{"line":123,"column":70}},"52":{"start":{"line":128,"column":4},"end":{"line":144,"column":6}},"53":{"start":{"line":149,"column":17},"end":{"line":149,"column":19}},"54":{"start":{"line":150,"column":4},"end":{"line":152,"column":5}},"55":{"start":{"line":150,"column":17},"end":{"line":150,"column":18}},"56":{"start":{"line":151,"column":6},"end":{"line":151,"column":55}},"57":{"start":{"line":153,"column":4},"end":{"line":153,"column":18}},"58":{"start":{"line":158,"column":20},"end":{"line":158,"column":21}},"59":{"start":{"line":159,"column":4},"end":{"line":161,"column":5}},"60":{"start":{"line":159,"column":17},"end":{"line":159,"column":18}},"61":{"start":{"line":160,"column":6},"end":{"line":160,"column":47}},"62":{"start":{"line":162,"column":4},"end":{"line":162,"column":21}},"63":{"start":{"line":166,"column":0},"end":{"line":166,"column":28}}},"fnMap":{"0":{"name":"(anonymous_0)","decl":{"start":{"line":2,"column":2},"end":{"line":2,"column":3}},"loc":{"start":{"line":2,"column":24},"end":{"line":10,"column":3}},"line":2},"1":{"name":"(anonymous_1)","decl":{"start":{"line":11,"column":2},"end":{"line":11,"column":3}},"loc":{"start":{"line":11,"column":19},"end":{"line":13,"column":3}},"line":11},"2":{"name":"(anonymous_2)","decl":{"start":{"line":15,"column":2},"end":{"line":15,"column":3}},"loc":{"start":{"line":15,"column":24},"end":{"line":22,"column":3}},"line":15},"3":{"name":"(anonymous_3)","decl":{"start":{"line":23,"column":2},"end":{"line":23,"column":3}},"loc":{"start":{"line":23,"column":20},"end":{"line":25,"column":3}},"line":23},"4":{"name":"(anonymous_4)","decl":{"start":{"line":27,"column":2},"end":{"line":27,"column":3}},"loc":{"start":{"line":27,"column":24},"end":{"line":34,"column":3}},"line":27},"5":{"name":"(anonymous_5)","decl":{"start":{"line":35,"column":2},"end":{"line":35,"column":3}},"loc":{"start":{"line":35,"column":20},"end":{"line":37,"column":3}},"line":35},"6":{"name":"(anonymous_6)","decl":{"start":{"line":39,"column":2},"end":{"line":39,"column":3}},"loc":{"start":{"line":39,"column":17},"end":{"line":41,"column":3}},"line":39},"7":{"name":"(anonymous_7)","decl":{"start":{"line":42,"column":2},"end":{"line":42,"column":3}},"loc":{"start":{"line":42,"column":14},"end":{"line":44,"column":3}},"line":42},"8":{"name":"(anonymous_8)","decl":{"start":{"line":49,"column":2},"end":{"line":49,"column":3}},"loc":{"start":{"line":49,"column":24},"end":{"line":54,"column":3}},"line":49},"9":{"name":"(anonymous_9)","decl":{"start":{"line":57,"column":2},"end":{"line":57,"column":3}},"loc":{"start":{"line":57,"column":22},"end":{"line":145,"column":3}},"line":57},"10":{"name":"guitarList","decl":{"start":{"line":91,"column":13},"end":{"line":91,"column":23}},"loc":{"start":{"line":91,"column":26},"end":{"line":98,"column":5}},"line":91},"11":{"name":"FluteList","decl":{"start":{"line":100,"column":13},"end":{"line":100,"column":22}},"loc":{"start":{"line":100,"column":25},"end":{"line":107,"column":5}},"line":100},"12":{"name":"bassList","decl":{"start":{"line":109,"column":13},"end":{"line":109,"column":21}},"loc":{"start":{"line":109,"column":24},"end":{"line":116,"column":5}},"line":109},"13":{"name":"percussionList","decl":{"start":{"line":118,"column":13},"end":{"line":118,"column":27}},"loc":{"start":{"line":118,"column":30},"end":{"line":125,"column":5}},"line":118},"14":{"name":"(anonymous_14)","decl":{"start":{"line":148,"column":2},"end":{"line":148,"column":3}},"loc":{"start":{"line":148,"column":24},"end":{"line":154,"column":3}},"line":148},"15":{"name":"(anonymous_15)","decl":{"start":{"line":157,"column":2},"end":{"line":157,"column":3}},"loc":{"start":{"line":157,"column":14},"end":{"line":163,"column":3}},"line":157}},"branchMap":{"0":{"loc":{"start":{"line":3,"column":4},"end":{"line":9,"column":5}},"type":"if","locations":[{"start":{"line":3,"column":4},"end":{"line":9,"column":5}},{"start":{"line":5,"column":11},"end":{"line":9,"column":5}}],"line":3},"1":{"loc":{"start":{"line":3,"column":8},"end":{"line":3,"column":47}},"type":"binary-expr","locations":[{"start":{"line":3,"column":8},"end":{"line":3,"column":25}},{"start":{"line":3,"column":29},"end":{"line":3,"column":47}}],"line":3},"2":{"loc":{"start":{"line":16,"column":4},"end":{"line":21,"column":5}},"type":"if","locations":[{"start":{"line":16,"column":4},"end":{"line":21,"column":5}},{"start":{"line":18,"column":11},"end":{"line":21,"column":5}}],"line":16},"3":{"loc":{"start":{"line":16,"column":8},"end":{"line":16,"column":32}},"type":"binary-expr","locations":[{"start":{"line":16,"column":8},"end":{"line":16,"column":19}},{"start":{"line":16,"column":23},"end":{"line":16,"column":32}}],"line":16},"4":{"loc":{"start":{"line":28,"column":4},"end":{"line":33,"column":5}},"type":"if","locations":[{"start":{"line":28,"column":4},"end":{"line":33,"column":5}},{"start":{"line":30,"column":11},"end":{"line":33,"column":5}}],"line":28},"5":{"loc":{"start":{"line":28,"column":8},"end":{"line":28,"column":60}},"type":"binary-expr","locations":[{"start":{"line":28,"column":8},"end":{"line":28,"column":19}},{"start":{"line":28,"column":23},"end":{"line":28,"column":32}},{"start":{"line":28,"column":36},"end":{"line":28,"column":60}}],"line":28},"6":{"loc":{"start":{"line":71,"column":6},"end":{"line":87,"column":7}},"type":"switch","locations":[{"start":{"line":72,"column":8},"end":{"line":74,"column":19}},{"start":{"line":76,"column":8},"end":{"line":78,"column":19}},{"start":{"line":80,"column":8},"end":{"line":82,"column":19}},{"start":{"line":84,"column":8},"end":{"line":86,"column":19}}],"line":71},"7":{"loc":{"start":{"line":92,"column":6},"end":{"line":94,"column":7}},"type":"if","locations":[{"start":{"line":92,"column":6},"end":{"line":94,"column":7}},{"start":{},"end":{}}],"line":92},"8":{"loc":{"start":{"line":95,"column":6},"end":{"line":97,"column":7}},"type":"if","locations":[{"start":{"line":95,"column":6},"end":{"line":97,"column":7}},{"start":{},"end":{}}],"line":95},"9":{"loc":{"start":{"line":101,"column":6},"end":{"line":103,"column":7}},"type":"if","locations":[{"start":{"line":101,"column":6},"end":{"line":103,"column":7}},{"start":{},"end":{}}],"line":101},"10":{"loc":{"start":{"line":104,"column":6},"end":{"line":106,"column":7}},"type":"if","locations":[{"start":{"line":104,"column":6},"end":{"line":106,"column":7}},{"start":{},"end":{}}],"line":104},"11":{"loc":{"start":{"line":110,"column":6},"end":{"line":112,"column":7}},"type":"if","locations":[{"start":{"line":110,"column":6},"end":{"line":112,"column":7}},{"start":{},"end":{}}],"line":110},"12":{"loc":{"start":{"line":113,"column":6},"end":{"line":115,"column":7}},"type":"if","locations":[{"start":{"line":113,"column":6},"end":{"line":115,"column":7}},{"start":{},"end":{}}],"line":113},"13":{"loc":{"start":{"line":119,"column":6},"end":{"line":121,"column":7}},"type":"if","locations":[{"start":{"line":119,"column":6},"end":{"line":121,"column":7}},{"start":{},"end":{}}],"line":119},"14":{"loc":{"start":{"line":122,"column":6},"end":{"line":124,"column":7}},"type":"if","locations":[{"start":{"line":122,"column":6},"end":{"line":124,"column":7}},{"start":{},"end":{}}],"line":122},"15":{"loc":{"start":{"line":140,"column":9},"end":{"line":140,"column":46}},"type":"cond-expr","locations":[{"start":{"line":140,"column":29},"end":{"line":140,"column":41}},{"start":{"line":140,"column":44},"end":{"line":140,"column":46}}],"line":140},"16":{"loc":{"start":{"line":141,"column":9},"end":{"line":141,"column":41}},"type":"cond-expr","locations":[{"start":{"line":141,"column":26},"end":{"line":141,"column":36}},{"start":{"line":141,"column":39},"end":{"line":141,"column":41}}],"line":141},"17":{"loc":{"start":{"line":142,"column":9},"end":{"line":142,"column":43}},"type":"cond-expr","locations":[{"start":{"line":142,"column":27},"end":{"line":142,"column":38}},{"start":{"line":142,"column":41},"end":{"line":142,"column":43}}],"line":142},"18":{"loc":{"start":{"line":143,"column":9},"end":{"line":143,"column":53}},"type":"cond-expr","locations":[{"start":{"line":143,"column":32},"end":{"line":143,"column":48}},{"start":{"line":143,"column":51},"end":{"line":143,"column":53}}],"line":143}},"s":{"0":5,"1":4,"2":1,"3":11,"4":8,"5":6,"6":2,"7":9,"8":7,"9":3,"10":4,"11":7,"12":2,"13":2,"14":20,"15":7,"16":7,"17":1,"18":1,"19":1,"20":1,"21":1,"22":1,"23":1,"24":1,"25":1,"26":1,"27":1,"28":0,"29":0,"30":0,"31":0,"32":0,"33":0,"34":0,"35":0,"36":0,"37":0,"38":0,"39":0,"40":0,"41":0,"42":0,"43":0,"44":0,"45":0,"46":0,"47":0,"48":0,"49":0,"50":0,"51":0,"52":1,"53":1,"54":1,"55":1,"56":1,"57":1,"58":1,"59":1,"60":1,"61":2,"62":1,"63":1},"f":{"0":5,"1":11,"2":8,"3":9,"4":7,"5":7,"6":2,"7":2,"8":7,"9":1,"10":0,"11":0,"12":0,"13":0,"14":1,"15":1},"b":{"0":[4,1],"1":[5,4],"2":[6,2],"3":[8,6],"4":[3,4],"5":[7,5,4],"6":[0,0,0,0],"7":[0,0],"8":[0,0],"9":[0,0],"10":[0,0],"11":[0,0],"12":[0,0],"13":[0,0],"14":[0,0],"15":[0,1],"16":[0,1],"17":[0,1],"18":[0,1]},"_coverageSchema":"1a1c01bbd47fc00a2c39e90264f33305004495a9","hash":"10523d3eeb01b9fda407d80b7d900c3d05c15297"}
}
