TN:
SF:Bassist.js
FN:4,(anonymous_0)
FN:8,(anonymous_1)
FNF:2
FNH:2
FNDA:4,(anonymous_0)
FNDA:2,(anonymous_1)
DA:1,2
DA:5,4
DA:9,2
DA:19,2
LF:4
LH:4
BRF:0
BRH:0
end_of_record
TN:
SF:Flautist.js
FN:4,(anonymous_0)
FN:8,(anonymous_1)
FNF:2
FNH:2
FNDA:1,(anonymous_0)
FNDA:1,(anonymous_1)
DA:1,2
DA:5,1
DA:9,1
DA:19,2
LF:4
LH:4
BRF:0
BRH:0
end_of_record
TN:
SF:Guitarist.js
FN:4,(anonymous_0)
FN:8,(anonymous_1)
FNF:2
FNH:2
FNDA:1,(anonymous_0)
FNDA:1,(anonymous_1)
DA:1,2
DA:5,1
DA:9,1
DA:19,2
LF:4
LH:4
BRF:0
BRH:0
end_of_record
TN:
SF:Musician.js
FN:2,(anonymous_0)
FN:5,(anonymous_1)
FN:9,(anonymous_2)
FN:16,(anonymous_3)
FN:20,(anonymous_4)
FN:27,(anonymous_5)
FN:31,(anonymous_6)
FN:39,(anonymous_7)
FNF:8
FNH:8
FNDA:9,(anonymous_0)
FNDA:2,(anonymous_1)
FNDA:11,(anonymous_2)
FNDA:15,(anonymous_3)
FNDA:11,(anonymous_4)
FNDA:9,(anonymous_5)
FNDA:12,(anonymous_6)
FNDA:12,(anonymous_7)
DA:3,9
DA:6,2
DA:10,11
DA:11,10
DA:13,1
DA:17,15
DA:21,11
DA:22,9
DA:24,2
DA:28,9
DA:32,12
DA:33,10
DA:35,2
DA:40,12
DA:44,6
LF:15
LH:15
BRDA:10,0,0,10
BRDA:10,0,1,1
BRDA:10,1,0,11
BRDA:10,1,1,10
BRDA:21,2,0,9
BRDA:21,2,1,2
BRDA:32,3,0,10
BRDA:32,3,1,2
BRF:8
BRH:8
end_of_record
TN:
SF:Percussionist.js
FN:4,(anonymous_0)
FN:8,(anonymous_1)
FNF:2
FNH:2
FNDA:1,(anonymous_0)
FNDA:1,(anonymous_1)
DA:1,2
DA:5,1
DA:9,1
DA:19,2
LF:4
LH:4
BRF:0
BRH:0
end_of_record
TN:
SF:Troupe.js
FN:2,(anonymous_0)
FN:11,(anonymous_1)
FN:15,(anonymous_2)
FN:23,(anonymous_3)
FN:27,(anonymous_4)
FN:35,(anonymous_5)
FN:39,(anonymous_6)
FN:42,(anonymous_7)
FN:49,(anonymous_8)
FN:57,(anonymous_9)
FN:91,guitarList
FN:100,FluteList
FN:109,bassList
FN:118,percussionList
FN:148,(anonymous_14)
FN:157,(anonymous_15)
FNF:16
FNH:12
FNDA:5,(anonymous_0)
FNDA:11,(anonymous_1)
FNDA:8,(anonymous_2)
FNDA:9,(anonymous_3)
FNDA:7,(anonymous_4)
FNDA:7,(anonymous_5)
FNDA:2,(anonymous_6)
FNDA:2,(anonymous_7)
FNDA:7,(anonymous_8)
FNDA:1,(anonymous_9)
FNDA:0,guitarList
FNDA:0,FluteList
FNDA:0,bassList
FNDA:0,percussionList
FNDA:1,(anonymous_14)
FNDA:1,(anonymous_15)
DA:3,5
DA:4,4
DA:6,1
DA:12,11
DA:16,8
DA:17,6
DA:19,2
DA:24,9
DA:28,7
DA:29,3
DA:31,4
DA:36,7
DA:40,2
DA:43,2
DA:46,20
DA:50,7
DA:51,7
DA:58,1
DA:59,1
DA:60,1
DA:61,1
DA:62,1
DA:65,1
DA:66,1
DA:70,1
DA:71,1
DA:73,0
DA:74,0
DA:77,0
DA:78,0
DA:81,0
DA:82,0
DA:85,0
DA:86,0
DA:92,0
DA:93,0
DA:95,0
DA:96,0
DA:101,0
DA:102,0
DA:104,0
DA:105,0
DA:110,0
DA:111,0
DA:113,0
DA:114,0
DA:119,0
DA:120,0
DA:122,0
DA:123,0
DA:128,1
DA:149,1
DA:150,1
DA:151,1
DA:153,1
DA:158,1
DA:159,1
DA:160,2
DA:162,1
DA:166,1
LF:60
LH:36
BRDA:3,0,0,4
BRDA:3,0,1,1
BRDA:3,1,0,5
BRDA:3,1,1,4
BRDA:16,2,0,6
BRDA:16,2,1,2
BRDA:16,3,0,8
BRDA:16,3,1,6
BRDA:28,4,0,3
BRDA:28,4,1,4
BRDA:28,5,0,7
BRDA:28,5,1,5
BRDA:28,5,2,4
BRDA:71,6,0,0
BRDA:71,6,1,0
BRDA:71,6,2,0
BRDA:71,6,3,0
BRDA:92,7,0,0
BRDA:92,7,1,0
BRDA:95,8,0,0
BRDA:95,8,1,0
BRDA:101,9,0,0
BRDA:101,9,1,0
BRDA:104,10,0,0
BRDA:104,10,1,0
BRDA:110,11,0,0
BRDA:110,11,1,0
BRDA:113,12,0,0
BRDA:113,12,1,0
BRDA:119,13,0,0
BRDA:119,13,1,0
BRDA:122,14,0,0
BRDA:122,14,1,0
BRDA:140,15,0,0
BRDA:140,15,1,1
BRDA:141,16,0,0
BRDA:141,16,1,1
BRDA:142,17,0,0
BRDA:142,17,1,1
BRDA:143,18,0,0
BRDA:143,18,1,1
BRF:41
BRH:17
end_of_record
